<?xml version="1.0" encoding="UTF-8"?>
<testng-results ignored="0" total="4" passed="4" failed="0" skipped="0">
  <reporter-output>
  </reporter-output>
  <suite started-at="2025-01-03T23:29:37 IST" name="Default suite" finished-at="2025-01-03T23:29:55 IST" duration-ms="17721">
    <groups>
    </groups>
    <test started-at="2025-01-03T23:29:37 IST" name="Default test" finished-at="2025-01-03T23:29:55 IST" duration-ms="17721">
      <class name="logintest.Login">
        <test-method is-config="true" signature="setup()[pri:0, instance:logintest.Login@595b007d]" started-at="2025-01-03T23:29:37 IST" name="setup" finished-at="2025-01-03T23:29:43 IST" duration-ms="5263" status="PASS">
          <reporter-output>
          </reporter-output>
        </test-method> <!-- setup -->
        <test-method signature="VerifyLogin()[pri:1, instance:logintest.Login@595b007d]" started-at="2025-01-03T23:29:43 IST" name="VerifyLogin" finished-at="2025-01-03T23:29:45 IST" duration-ms="2618" status="PASS">
          <reporter-output>
          </reporter-output>
        </test-method> <!-- VerifyLogin -->
        <test-method signature="VerifyAddBookCart()[pri:2, instance:logintest.Login@595b007d]" started-at="2025-01-03T23:29:45 IST" name="VerifyAddBookCart" finished-at="2025-01-03T23:29:50 IST" duration-ms="4501" status="PASS">
          <reporter-output>
          </reporter-output>
        </test-method> <!-- VerifyAddBookCart -->
        <test-method signature="VerifyComputerCart()[pri:3, instance:logintest.Login@595b007d]" started-at="2025-01-03T23:29:50 IST" name="VerifyComputerCart" finished-at="2025-01-03T23:29:54 IST" duration-ms="4159" status="PASS">
          <reporter-output>
          </reporter-output>
        </test-method> <!-- VerifyComputerCart -->
        <test-method signature="VerifyLogout()[pri:4, instance:logintest.Login@595b007d]" started-at="2025-01-03T23:29:54 IST" name="VerifyLogout" finished-at="2025-01-03T23:29:55 IST" duration-ms="1092" status="PASS">
          <reporter-output>
          </reporter-output>
        </test-method> <!-- VerifyLogout -->
        <test-method is-config="true" signature="teardown()[pri:0, instance:logintest.Login@595b007d]" started-at="2025-01-03T23:29:55 IST" name="teardown" finished-at="2025-01-03T23:29:55 IST" duration-ms="2" status="PASS">
          <reporter-output>
          </reporter-output>
        </test-method> <!-- teardown -->
      </class> <!-- logintest.Login -->
    </test> <!-- Default test -->
  </suite> <!-- Default suite -->
</testng-results>
