<?xml version="1.0" encoding="UTF-8"?>
<testng-results ignored="1" total="2" passed="1" failed="0" skipped="0">
  <reporter-output>
  </reporter-output>
  <suite started-at="2024-10-15T22:49:59 IST" name="Default suite" finished-at="2024-10-15T22:50:13 IST" duration-ms="13524">
    <groups>
    </groups>
    <test started-at="2024-10-15T22:49:59 IST" name="Default test" finished-at="2024-10-15T22:50:13 IST" duration-ms="13524">
      <class name="computer.DesktopAddToCart">
        <test-method is-config="true" signature="setup()[pri:0, instance:computer.DesktopAddToCart@6d763516]" started-at="2024-10-15T22:49:59 IST" name="setup" finished-at="2024-10-15T22:50:05 IST" duration-ms="5611" status="PASS">
          <reporter-output>
          </reporter-output>
        </test-method> <!-- setup -->
        <test-method signature="VerifyDesktopAddToCart()[pri:0, instance:computer.DesktopAddToCart@6d763516]" started-at="2024-10-15T22:50:05 IST" name="VerifyDesktopAddToCart" finished-at="2024-10-15T22:50:12 IST" duration-ms="7832" status="PASS">
          <reporter-output>
          </reporter-output>
        </test-method> <!-- VerifyDesktopAddToCart -->
        <test-method is-config="true" signature="teardown()[pri:0, instance:computer.DesktopAddToCart@6d763516]" started-at="2024-10-15T22:50:13 IST" name="teardown" finished-at="2024-10-15T22:50:13 IST" duration-ms="2" status="PASS">
          <reporter-output>
          </reporter-output>
        </test-method> <!-- teardown -->
      </class> <!-- computer.DesktopAddToCart -->
    </test> <!-- Default test -->
  </suite> <!-- Default suite -->
</testng-results>
