<?xml version="1.0" encoding="UTF-8"?>
<!-- Generated by org.testng.reporters.JUnitXMLReporter -->
<testsuite ignored="1" hostname="ASUS" failures="0" tests="1" name="Default test" time="13.524" errors="0" timestamp="2024-10-15T22:50:13 IST">
  <testcase classname="computer.DesktopAddToCart" name="VerifyDesktopAddToCart" time="7.832"/>
  <testcase classname="signinsignout.Login" name="VerifyLogin" time="0.0">
    <ignored/>
  </testcase> <!-- VerifyLogin -->
</testsuite> <!-- Default test -->
